0 info it worked if it ends with ok
1 verbose cli [ 'C:\\Program Files\\nodejs\\\\node.exe',
1 verbose cli   'C:\\Program Files\\nodejs\\node_modules\\npm\\bin\\npm-cli.js',
1 verbose cli   'install' ]
2 info using npm@1.4.28
3 info using node@v0.10.32
4 verbose node symlink C:\Program Files\nodejs\\node.exe
5 verbose readDependencies using package.json deps
6 verbose install where, deps [ 'C:\\MAMP\\htdocs\\jbv\\wp-content\\themes\\jbv',
6 verbose install   [ 'bower',
6 verbose install     'grunt',
6 verbose install     'grunt-autoprefixer',
6 verbose install     'grunt-contrib-concat',
6 verbose install     'grunt-contrib-jshint',
6 verbose install     'grunt-contrib-uglify',
6 verbose install     'grunt-contrib-watch',
6 verbose install     'grunt-modernizr',
6 verbose install     'grunt-wp-assets',
6 verbose install     'load-grunt-tasks',
6 verbose install     'time-grunt',
6 verbose install     'grunt-sass',
6 verbose install     'grunt-notify' ] ]
7 info preinstall jordbaervegen@7.0.1
8 verbose readDependencies using package.json deps
9 verbose already installed skipping bower@>=1.3.9 C:\MAMP\htdocs\jbv\wp-content\themes\jbv
10 verbose already installed skipping grunt@~0.4.5 C:\MAMP\htdocs\jbv\wp-content\themes\jbv
11 verbose already installed skipping grunt-autoprefixer@~1.0.0 C:\MAMP\htdocs\jbv\wp-content\themes\jbv
12 verbose already installed skipping grunt-contrib-concat@~0.5.0 C:\MAMP\htdocs\jbv\wp-content\themes\jbv
13 verbose already installed skipping grunt-contrib-jshint@~0.10.0 C:\MAMP\htdocs\jbv\wp-content\themes\jbv
14 verbose already installed skipping grunt-contrib-uglify@~0.5.0 C:\MAMP\htdocs\jbv\wp-content\themes\jbv
15 verbose already installed skipping grunt-contrib-watch@~0.6.1 C:\MAMP\htdocs\jbv\wp-content\themes\jbv
16 verbose already installed skipping grunt-modernizr@~0.5.2 C:\MAMP\htdocs\jbv\wp-content\themes\jbv
17 verbose already installed skipping grunt-wp-assets@~0.2.6 C:\MAMP\htdocs\jbv\wp-content\themes\jbv
18 verbose already installed skipping load-grunt-tasks@~0.6.0 C:\MAMP\htdocs\jbv\wp-content\themes\jbv
19 verbose already installed skipping time-grunt@~0.4.0 C:\MAMP\htdocs\jbv\wp-content\themes\jbv
20 verbose already installed skipping grunt-sass@~0.14.2 C:\MAMP\htdocs\jbv\wp-content\themes\jbv
21 verbose already installed skipping grunt-notify@~0.3.1 C:\MAMP\htdocs\jbv\wp-content\themes\jbv
22 silly resolved []
23 info build C:\MAMP\htdocs\jbv\wp-content\themes\jbv
24 verbose linkStuff [ false,
24 verbose linkStuff   false,
24 verbose linkStuff   false,
24 verbose linkStuff   'C:\\MAMP\\htdocs\\jbv\\wp-content\\themes' ]
25 info linkStuff jordbaervegen@7.0.1
26 verbose linkBins jordbaervegen@7.0.1
27 verbose linkMans jordbaervegen@7.0.1
28 verbose rebuildBundles jordbaervegen@7.0.1
29 verbose rebuildBundles [ '.bin',
29 verbose rebuildBundles   'bower',
29 verbose rebuildBundles   'grunt',
29 verbose rebuildBundles   'grunt-autoprefixer',
29 verbose rebuildBundles   'grunt-contrib-concat',
29 verbose rebuildBundles   'grunt-contrib-jshint',
29 verbose rebuildBundles   'grunt-contrib-uglify',
29 verbose rebuildBundles   'grunt-contrib-watch',
29 verbose rebuildBundles   'grunt-modernizr',
29 verbose rebuildBundles   'grunt-notify',
29 verbose rebuildBundles   'grunt-sass',
29 verbose rebuildBundles   'grunt-wp-assets',
29 verbose rebuildBundles   'load-grunt-tasks',
29 verbose rebuildBundles   'time-grunt' ]
30 info install jordbaervegen@7.0.1
31 info postinstall jordbaervegen@7.0.1
32 verbose unsafe-perm in lifecycle true
33 info jordbaervegen@7.0.1 Failed to exec postinstall script
34 error jordbaervegen@7.0.1 postinstall: `node node_modules/bower/bin/bower install && grunt dev`
34 error Exit status 3
35 error Failed at the jordbaervegen@7.0.1 postinstall script.
35 error This is most likely a problem with the jordbaervegen package,
35 error not with npm itself.
35 error Tell the author that this fails on your system:
35 error     node node_modules/bower/bin/bower install && grunt dev
35 error You can get their info via:
35 error     npm owner ls jordbaervegen
35 error There is likely additional logging output above.
36 error System Windows_NT 6.2.9200
37 error command "C:\\Program Files\\nodejs\\\\node.exe" "C:\\Program Files\\nodejs\\node_modules\\npm\\bin\\npm-cli.js" "install"
38 error cwd C:\MAMP\htdocs\jbv\wp-content\themes\jbv
39 error node -v v0.10.32
40 error npm -v 1.4.28
41 error code ELIFECYCLE
42 verbose exit [ 1, true ]
